0 verbose cli [
0 verbose cli   '/app/node_modules/node/bin/node',
0 verbose cli   '/opt/nvm/versions/node/v16/bin/npm',
0 verbose cli   'install'
0 verbose cli ]
1 info using npm@7.20.6
2 info using node@v16.20.2
3 timing npm:load:whichnode Completed in 0ms
4 timing config:load:defaults Completed in 10ms
5 timing config:load:file:/opt/nvm/versions/node/v16.14.2/lib/node_modules/npm/npmrc Completed in 6ms
6 timing config:load:builtin Completed in 6ms
7 timing config:load:cli Completed in 2ms
8 timing config:load:env Completed in 1ms
9 timing config:load:project Completed in 90ms
10 timing config:load:file:/app/.npmrc Completed in 2ms
11 timing config:load:user Completed in 2ms
12 timing config:load:file:/app/node_modules/node/etc/npmrc Completed in 7ms
13 timing config:load:global Completed in 7ms
14 timing config:load:validate Completed in 0ms
15 timing config:load:credentials Completed in 1ms
16 timing config:load:setEnvs Completed in 2ms
17 timing config:load Completed in 123ms
18 timing npm:load:configload Completed in 124ms
19 timing npm:load:setTitle Completed in 0ms
20 timing npm:load:setupLog Completed in 0ms
21 timing config:load:flatten Completed in 83ms
22 timing npm:load:cleanupLog Completed in 8ms
23 timing npm:load:configScope Completed in 0ms
24 timing npm:load:projectScope Completed in 3ms
25 timing npm:load Completed in 224ms
26 timing arborist:ctor Completed in 1ms
27 timing idealTree:init Completed in 488ms
28 timing idealTree:userRequests Completed in 0ms
29 silly idealTree buildDeps
30 silly fetch manifest puppeteer@^10.4.0
31 verbose shrinkwrap failed to load node_modules/.package-lock.json missing from lockfile: node_modules/node/node_modules/node-bin-setup
32 http fetch GET 200 https://registry.npmjs.org/puppeteer 1090ms (cache updated)
33 silly placeDep ROOT puppeteer@10.4.0 OK for: glitch-hello-node@0.1.0 want: ^10.4.0
34 silly fetch manifest ws@7.4.6
35 silly fetch manifest debug@4.3.1
36 silly fetch manifest rimraf@3.0.2
37 silly fetch manifest tar-fs@2.0.0
38 silly fetch manifest pkg-dir@4.2.0
39 silly fetch manifest progress@2.0.1
40 silly fetch manifest node-fetch@2.6.1
41 silly fetch manifest extract-zip@2.0.1
42 silly fetch manifest unbzip2-stream@1.3.3
43 silly fetch manifest devtools-protocol@0.0.901419
44 silly fetch manifest https-proxy-agent@5.0.0
45 http fetch GET 200 https://registry.npmjs.org/debug 403ms (cache miss)
46 http fetch GET 200 https://registry.npmjs.org/progress 496ms (cache miss)
47 http fetch GET 200 https://registry.npmjs.org/pkg-dir 499ms (cache miss)
48 http fetch GET 200 https://registry.npmjs.org/extract-zip 501ms (cache miss)
49 http fetch GET 200 https://registry.npmjs.org/node-fetch 503ms (cache updated)
50 http fetch GET 200 https://registry.npmjs.org/unbzip2-stream 562ms (cache miss)
51 http fetch GET 200 https://registry.npmjs.org/https-proxy-agent 566ms (cache miss)
52 http fetch GET 200 https://registry.npmjs.org/tar-fs 710ms (cache miss)
53 http fetch GET 200 https://registry.npmjs.org/rimraf 713ms (cache miss)
54 http fetch GET 200 https://registry.npmjs.org/ws 781ms (cache updated)
55 http fetch GET 200 https://registry.npmjs.org/devtools-protocol 872ms (cache miss)
56 timing idealTree:#root Completed in 2109ms
57 silly fetch manifest bufferutil@^4.0.1
58 http fetch GET 200 https://registry.npmjs.org/bufferutil 87ms (cache miss)
59 silly fetch manifest utf-8-validate@^5.0.2
60 http fetch GET 200 https://registry.npmjs.org/utf-8-validate 24ms (cache miss)
61 silly placeDep node_modules/puppeteer debug@4.3.1 OK for: puppeteer@10.4.0 want: 4.3.1
62 silly placeDep ROOT devtools-protocol@0.0.901419 OK for: puppeteer@10.4.0 want: 0.0.901419
63 silly placeDep ROOT extract-zip@2.0.1 OK for: puppeteer@10.4.0 want: 2.0.1
64 silly placeDep ROOT https-proxy-agent@5.0.0 OK for: puppeteer@10.4.0 want: 5.0.0
65 silly placeDep node_modules/puppeteer node-fetch@2.6.1 OK for: puppeteer@10.4.0 want: 2.6.1
66 silly placeDep ROOT pkg-dir@4.2.0 OK for: puppeteer@10.4.0 want: 4.2.0
67 silly placeDep ROOT progress@2.0.1 OK for: puppeteer@10.4.0 want: 2.0.1
68 silly placeDep ROOT rimraf@3.0.2 OK for: puppeteer@10.4.0 want: 3.0.2
69 silly placeDep ROOT tar-fs@2.0.0 OK for: puppeteer@10.4.0 want: 2.0.0
70 silly placeDep ROOT unbzip2-stream@1.3.3 OK for: puppeteer@10.4.0 want: 1.3.3
71 silly placeDep ROOT ws@7.4.6 OK for: puppeteer@10.4.0 want: 7.4.6
72 silly fetch manifest ms@2.1.2
73 silly fetch manifest debug@^4.1.1
74 silly fetch manifest get-stream@^5.1.0
75 silly fetch manifest yauzl@^2.10.0
76 silly fetch manifest @types/yauzl@^2.9.1
77 silly fetch manifest debug@4
78 silly fetch manifest agent-base@6
79 silly fetch manifest find-up@^4.0.0
80 silly fetch manifest glob@^7.1.3
81 silly fetch manifest pump@^3.0.0
82 silly fetch manifest chownr@^1.1.1
83 silly fetch manifest tar-stream@^2.0.0
84 silly fetch manifest buffer@^5.2.1
85 silly fetch manifest through@^2.3.8
86 http fetch GET 200 https://registry.npmjs.org/get-stream 290ms (cache miss)
87 http fetch GET 200 https://registry.npmjs.org/pump 281ms (cache miss)
88 http fetch GET 200 https://registry.npmjs.org/yauzl 291ms (cache miss)
89 http fetch GET 200 https://registry.npmjs.org/ms 294ms (cache miss)
90 http fetch GET 200 https://registry.npmjs.org/find-up 284ms (cache miss)
91 http fetch GET 200 https://registry.npmjs.org/@types%2fyauzl 290ms (cache miss)
92 http fetch GET 200 https://registry.npmjs.org/chownr 284ms (cache miss)
93 http fetch GET 200 https://registry.npmjs.org/agent-base 292ms (cache miss)
94 http fetch GET 200 https://registry.npmjs.org/through 362ms (cache miss)
95 http fetch GET 200 https://registry.npmjs.org/tar-stream 367ms (cache miss)
96 http fetch GET 200 https://registry.npmjs.org/buffer 369ms (cache miss)
97 http fetch GET 200 https://registry.npmjs.org/glob 377ms (cache miss)
98 timing idealTree:node_modules/puppeteer Completed in 690ms
99 timing idealTree:node_modules/devtools-protocol Completed in 0ms
100 silly placeDep ROOT @types/yauzl@2.10.3 OK for: extract-zip@2.0.1 want: ^2.9.1
101 silly placeDep node_modules/extract-zip debug@4.4.0 OK for: extract-zip@2.0.1 want: ^4.1.1
102 silly placeDep ROOT get-stream@5.2.0 OK for: extract-zip@2.0.1 want: ^5.1.0
103 silly placeDep ROOT yauzl@2.10.0 OK for: extract-zip@2.0.1 want: ^2.10.0
104 silly fetch manifest @types/node@*
105 silly fetch manifest ms@^2.1.3
106 silly fetch manifest fd-slicer@~1.1.0
107 silly fetch manifest buffer-crc32@~0.2.3
108 http fetch GET 200 https://registry.npmjs.org/fd-slicer 201ms (cache miss)
109 http fetch GET 200 https://registry.npmjs.org/buffer-crc32 206ms (cache miss)
110 http fetch GET 200 https://registry.npmjs.org/@types%2fnode 416ms (cache miss)
111 timing idealTree:node_modules/extract-zip Completed in 589ms
112 silly placeDep ROOT @types/node@22.13.1 OK for: @types/yauzl@2.10.3 want: *
113 silly fetch manifest undici-types@~6.20.0
114 http fetch GET 200 https://registry.npmjs.org/undici-types 27ms (cache miss)
115 timing idealTree:node_modules/@types/yauzl Completed in 32ms
116 silly placeDep ROOT undici-types@6.20.0 OK for: @types/node@22.13.1 want: ~6.20.0
117 timing idealTree:node_modules/@types/node Completed in 2ms
118 silly placeDep ROOT pump@3.0.2 OK for: get-stream@5.2.0 want: ^3.0.0
119 silly fetch manifest once@^1.3.1
120 silly fetch manifest end-of-stream@^1.1.0
121 http fetch GET 200 https://registry.npmjs.org/once 72ms (cache miss)
122 http fetch GET 200 https://registry.npmjs.org/end-of-stream 71ms (cache miss)
123 timing idealTree:node_modules/get-stream Completed in 76ms
124 silly placeDep ROOT agent-base@6.0.2 OK for: https-proxy-agent@5.0.0 want: 6
125 silly placeDep node_modules/https-proxy-agent debug@4.4.0 OK for: https-proxy-agent@5.0.0 want: 4
126 timing idealTree:node_modules/https-proxy-agent Completed in 3ms
127 silly placeDep node_modules/agent-base debug@4.4.0 OK for: agent-base@6.0.2 want: 4
128 timing idealTree:node_modules/agent-base Completed in 1ms
129 silly placeDep ROOT find-up@4.1.0 OK for: pkg-dir@4.2.0 want: ^4.0.0
130 silly fetch manifest locate-path@^5.0.0
131 silly fetch manifest path-exists@^4.0.0
132 http fetch GET 200 https://registry.npmjs.org/path-exists 29ms (cache miss)
133 http fetch GET 200 https://registry.npmjs.org/locate-path 30ms (cache miss)
134 timing idealTree:node_modules/pkg-dir Completed in 32ms
135 silly placeDep ROOT locate-path@5.0.0 OK for: find-up@4.1.0 want: ^5.0.0
136 silly placeDep ROOT path-exists@4.0.0 OK for: find-up@4.1.0 want: ^4.0.0
137 silly fetch manifest p-locate@^4.1.0
138 http fetch GET 200 https://registry.npmjs.org/p-locate 79ms (cache miss)
139 timing idealTree:node_modules/find-up Completed in 81ms
140 silly placeDep ROOT p-locate@4.1.0 OK for: locate-path@5.0.0 want: ^4.1.0
141 silly fetch manifest p-limit@^2.2.0
142 http fetch GET 200 https://registry.npmjs.org/p-limit 25ms (cache miss)
143 timing idealTree:node_modules/locate-path Completed in 29ms
144 silly placeDep ROOT p-limit@2.3.0 OK for: p-locate@4.1.0 want: ^2.2.0
145 silly fetch manifest p-try@^2.0.0
146 http fetch GET 200 https://registry.npmjs.org/p-try 38ms (cache miss)
147 timing idealTree:node_modules/p-locate Completed in 41ms
148 silly placeDep ROOT p-try@2.2.0 OK for: p-limit@2.3.0 want: ^2.0.0
149 timing idealTree:node_modules/p-limit Completed in 2ms
150 timing idealTree:node_modules/p-try Completed in 0ms
151 timing idealTree:node_modules/path-exists Completed in 0ms
152 timing idealTree:node_modules/progress Completed in 0ms
153 silly placeDep ROOT end-of-stream@1.4.4 OK for: pump@3.0.2 want: ^1.1.0
154 silly placeDep ROOT once@1.4.0 OK for: pump@3.0.2 want: ^1.3.1
155 silly fetch manifest wrappy@1
156 http fetch GET 200 https://registry.npmjs.org/wrappy 24ms (cache miss)
157 timing idealTree:node_modules/pump Completed in 26ms
158 timing idealTree:node_modules/end-of-stream Completed in 0ms
159 silly placeDep ROOT wrappy@1.0.2 OK for: once@1.4.0 want: 1
160 timing idealTree:node_modules/once Completed in 1ms
161 silly placeDep ROOT glob@7.2.3 OK for: rimraf@3.0.2 want: ^7.1.3
162 silly fetch manifest inflight@^1.0.4
163 silly fetch manifest minimatch@^3.1.1
164 silly fetch manifest fs.realpath@^1.0.0
165 silly fetch manifest path-is-absolute@^1.0.0
166 http fetch GET 200 https://registry.npmjs.org/fs.realpath 76ms (cache miss)
167 http fetch GET 200 https://registry.npmjs.org/inflight 78ms (cache miss)
168 http fetch GET 200 https://registry.npmjs.org/path-is-absolute 171ms (cache miss)
169 http fetch GET 200 https://registry.npmjs.org/minimatch 177ms (cache miss)
170 timing idealTree:node_modules/rimraf Completed in 182ms
171 silly placeDep ROOT fs.realpath@1.0.0 OK for: glob@7.2.3 want: ^1.0.0
172 silly placeDep ROOT inflight@1.0.6 OK for: glob@7.2.3 want: ^1.0.4
173 silly placeDep ROOT minimatch@3.1.2 OK for: glob@7.2.3 want: ^3.1.1
174 silly placeDep ROOT path-is-absolute@1.0.1 OK for: glob@7.2.3 want: ^1.0.0
175 silly fetch manifest brace-expansion@^1.1.7
176 http fetch GET 200 https://registry.npmjs.org/brace-expansion 32ms (cache miss)
177 timing idealTree:node_modules/glob Completed in 38ms
178 timing idealTree:node_modules/fs.realpath Completed in 0ms
179 timing idealTree:node_modules/inflight Completed in 0ms
180 silly placeDep ROOT brace-expansion@1.1.11 OK for: minimatch@3.1.2 want: ^1.1.7
181 silly fetch manifest balanced-match@^1.0.0
182 silly fetch manifest concat-map@0.0.1
183 http fetch GET 200 https://registry.npmjs.org/concat-map 55ms (cache miss)
184 http fetch GET 200 https://registry.npmjs.org/balanced-match 57ms (cache miss)
185 timing idealTree:node_modules/minimatch Completed in 58ms
186 silly placeDep ROOT balanced-match@1.0.2 OK for: brace-expansion@1.1.11 want: ^1.0.0
187 silly placeDep ROOT concat-map@0.0.1 OK for: brace-expansion@1.1.11 want: 0.0.1
188 timing idealTree:node_modules/brace-expansion Completed in 2ms
189 timing idealTree:node_modules/balanced-match Completed in 0ms
190 timing idealTree:node_modules/concat-map Completed in 0ms
191 timing idealTree:node_modules/path-is-absolute Completed in 0ms
192 silly placeDep ROOT chownr@1.1.4 OK for: tar-fs@2.0.0 want: ^1.1.1
193 silly placeDep ROOT tar-stream@2.2.0 OK for: tar-fs@2.0.0 want: ^2.0.0
194 silly fetch manifest bl@^4.0.3
195 silly fetch manifest fs-constants@^1.0.0
196 silly fetch manifest readable-stream@^3.1.1
197 http fetch GET 200 https://registry.npmjs.org/fs-constants 194ms (cache miss)
198 http fetch GET 200 https://registry.npmjs.org/bl 196ms (cache miss)
199 http fetch GET 200 https://registry.npmjs.org/readable-stream 199ms (cache miss)
200 timing idealTree:node_modules/tar-fs Completed in 207ms
201 timing idealTree:node_modules/chownr Completed in 0ms
202 silly placeDep ROOT bl@4.1.0 OK for: tar-stream@2.2.0 want: ^4.0.3
203 silly placeDep ROOT fs-constants@1.0.0 OK for: tar-stream@2.2.0 want: ^1.0.0
204 silly placeDep node_modules/tar-stream readable-stream@3.6.2 OK for: tar-stream@2.2.0 want: ^3.1.1
205 silly fetch manifest buffer@^5.5.0
206 silly fetch manifest readable-stream@^3.4.0
207 silly fetch manifest string_decoder@^1.1.1
208 http fetch GET 200 https://registry.npmjs.org/string_decoder 182ms (cache miss)
209 timing idealTree:node_modules/tar-stream Completed in 190ms
210 silly placeDep ROOT buffer@5.7.1 OK for: bl@4.1.0 want: ^5.5.0
211 silly placeDep node_modules/bl readable-stream@3.6.2 OK for: bl@4.1.0 want: ^3.4.0
212 silly fetch manifest base64-js@^1.3.1
213 silly fetch manifest ieee754@^1.1.13
214 http fetch GET 200 https://registry.npmjs.org/base64-js 100ms (cache miss)
215 http fetch GET 200 https://registry.npmjs.org/ieee754 102ms (cache miss)
216 timing idealTree:node_modules/bl Completed in 108ms
217 silly placeDep ROOT base64-js@1.5.1 OK for: buffer@5.7.1 want: ^1.3.1
218 silly placeDep ROOT ieee754@1.2.1 OK for: buffer@5.7.1 want: ^1.1.13
219 timing idealTree:node_modules/buffer Completed in 2ms
220 timing idealTree:node_modules/base64-js Completed in 0ms
221 timing idealTree:node_modules/fs-constants Completed in 0ms
222 timing idealTree:node_modules/ieee754 Completed in 0ms
223 silly placeDep ROOT through@2.3.8 OK for: unbzip2-stream@1.3.3 want: ^2.3.8
224 timing idealTree:node_modules/unbzip2-stream Completed in 1ms
225 timing idealTree:node_modules/through Completed in 0ms
226 timing idealTree:node_modules/undici-types Completed in 0ms
227 timing idealTree:node_modules/wrappy Completed in 0ms
228 timing idealTree:node_modules/ws Completed in 0ms
229 silly placeDep ROOT buffer-crc32@0.2.13 OK for: yauzl@2.10.0 want: ~0.2.3
230 silly placeDep ROOT fd-slicer@1.1.0 OK for: yauzl@2.10.0 want: ~1.1.0
231 silly fetch manifest pend@~1.2.0
232 http fetch GET 200 https://registry.npmjs.org/pend 27ms (cache miss)
233 timing idealTree:node_modules/yauzl Completed in 29ms
234 timing idealTree:node_modules/buffer-crc32 Completed in 0ms
235 silly placeDep ROOT pend@1.2.0 OK for: fd-slicer@1.1.0 want: ~1.2.0
236 timing idealTree:node_modules/fd-slicer Completed in 1ms
237 timing idealTree:node_modules/pend Completed in 0ms
238 silly placeDep node_modules/agent-base ms@2.1.3 OK for: debug@4.4.0 want: ^2.1.3
239 timing idealTree:node_modules/agent-base/node_modules/debug Completed in 51ms
240 timing idealTree:node_modules/agent-base/node_modules/ms Completed in 0ms
241 silly placeDep node_modules/bl string_decoder@1.3.0 OK for: readable-stream@3.6.2 want: ^1.1.1
242 timing idealTree:node_modules/bl/node_modules/readable-stream Completed in 2ms
243 timing idealTree:node_modules/bl/node_modules/string_decoder Completed in 0ms
244 silly placeDep node_modules/extract-zip ms@2.1.3 OK for: debug@4.4.0 want: ^2.1.3
245 timing idealTree:node_modules/extract-zip/node_modules/debug Completed in 1ms
246 timing idealTree:node_modules/extract-zip/node_modules/ms Completed in 0ms
247 silly placeDep node_modules/https-proxy-agent ms@2.1.3 OK for: debug@4.4.0 want: ^2.1.3
248 timing idealTree:node_modules/https-proxy-agent/node_modules/debug Completed in 1ms
249 timing idealTree:node_modules/https-proxy-agent/node_modules/ms Completed in 0ms
250 silly placeDep node_modules/puppeteer ms@2.1.2 OK for: debug@4.3.1 want: 2.1.2
251 timing idealTree:node_modules/puppeteer/node_modules/debug Completed in 1ms
252 timing idealTree:node_modules/puppeteer/node_modules/ms Completed in 0ms
253 timing idealTree:node_modules/puppeteer/node_modules/node-fetch Completed in 0ms
254 silly placeDep node_modules/tar-stream string_decoder@1.3.0 OK for: readable-stream@3.6.2 want: ^1.1.1
255 timing idealTree:node_modules/tar-stream/node_modules/readable-stream Completed in 1ms
256 timing idealTree:node_modules/tar-stream/node_modules/string_decoder Completed in 0ms
257 timing idealTree:buildDeps Completed in 4600ms
258 timing idealTree:fixDepFlags Completed in 3ms
259 warn EBADENGINE Unsupported engine {
259 warn EBADENGINE   package: 'cheerio@1.0.0',
259 warn EBADENGINE   required: { node: '>=18.17' },
259 warn EBADENGINE   current: { node: 'v16.20.2', npm: '7.20.6' }
259 warn EBADENGINE }
260 warn EBADENGINE Unsupported engine {
260 warn EBADENGINE   package: 'undici@6.21.1',
260 warn EBADENGINE   required: { node: '>=18.17' },
260 warn EBADENGINE   current: { node: 'v16.20.2', npm: '7.20.6' }
260 warn EBADENGINE }
261 warn EBADENGINE Unsupported engine {
261 warn EBADENGINE   package: 'whatwg-encoding@3.1.1',
261 warn EBADENGINE   required: { node: '>=18' },
261 warn EBADENGINE   current: { node: 'v16.20.2', npm: '7.20.6' }
261 warn EBADENGINE }
262 warn EBADENGINE Unsupported engine {
262 warn EBADENGINE   package: 'whatwg-mimetype@4.0.0',
262 warn EBADENGINE   required: { node: '>=18' },
262 warn EBADENGINE   current: { node: 'v16.20.2', npm: '7.20.6' }
262 warn EBADENGINE }
263 timing idealTree Completed in 5097ms
264 timing reify:loadTrees Completed in 5097ms
265 silly reify mark deleted [ '/app/node_modules/node/node_modules/node-bin-setup' ]
266 silly reify mark deleted [
266 silly reify   '/app/node_modules/node/node_modules/node-linux-x64',
266 silly reify   '/app/node_modules/node/node_modules/.bin/node'
266 silly reify ]
267 timing reify:diffTrees Completed in 83ms
268 silly reify mark retired [ '/app/node_modules/node/node_modules/node-bin-setup' ]
269 silly reify mark retired [
269 silly reify   '/app/node_modules/node/node_modules/node-linux-x64',
269 silly reify   '/app/node_modules/node/node_modules/.bin/node'
269 silly reify ]
270 silly reify moves {
270 silly reify   '/app/node_modules/node/node_modules/node-bin-setup': '/app/node_modules/node/node_modules/.node-bin-setup-gphr6iD0',
270 silly reify   '/app/node_modules/node/node_modules/node-linux-x64': '/app/node_modules/node/node_modules/.node-linux-x64-thIcbOMy',
270 silly reify   '/app/node_modules/node/node_modules/.bin/node': '/app/node_modules/node/node_modules/.bin/.node-J60QK0Ml'
270 silly reify }
271 timing reify:retireShallow Completed in 3ms
272 timing reify:createSparse Completed in 6ms
273 timing reify:loadBundles Completed in 0ms
274 silly audit bulk request {
274 silly audit   accepts: [ '1.3.8' ],
274 silly audit   'append-field': [ '1.0.0' ],
274 silly audit   'array-flatten': [ '1.1.1' ],
274 silly audit   'array-parallel': [ '0.1.3' ],
274 silly audit   'array-series': [ '0.1.5' ],
274 silly audit   asynckit: [ '0.4.0' ],
274 silly audit   axios: [ '1.7.9' ],
274 silly audit   'body-parser': [ '1.20.3' ],
274 silly audit   'iconv-lite': [ '0.4.24', '0.6.3' ],
274 silly audit   qs: [ '6.13.0', '6.14.0' ],
274 silly audit   boolbase: [ '1.0.0' ],
274 silly audit   'buffer-from': [ '1.1.2' ],
274 silly audit   busboy: [ '0.2.14' ],
274 silly audit   bytes: [ '3.1.2' ],
274 silly audit   'call-bind-apply-helpers': [ '1.0.1' ],
274 silly audit   'call-bound': [ '1.0.3' ],
274 silly audit   cheerio: [ '1.0.0' ],
274 silly audit   'cheerio-select': [ '2.1.0' ],
274 silly audit   cloudinary: [ '2.5.1' ],
274 silly audit   'combined-stream': [ '1.0.8' ],
274 silly audit   'concat-stream': [ '1.6.2' ],
274 silly audit   isarray: [ '1.0.0', '0.0.1' ],
274 silly audit   'readable-stream': [ '2.3.8', '1.1.14', '3.6.2' ],
274 silly audit   'safe-buffer': [ '5.1.2', '5.2.1' ],
274 silly audit   string_decoder: [ '1.1.1', '0.10.31', '1.3.0' ],
274 silly audit   'content-disposition': [ '0.5.4' ],
274 silly audit   'content-type': [ '1.0.5' ],
274 silly audit   cookie: [ '0.7.1' ],
274 silly audit   'cookie-signature': [ '1.0.6' ],
274 silly audit   'core-util-is': [ '1.0.3' ],
274 silly audit   cors: [ '2.8.5' ],
274 silly audit   'cron-parser': [ '4.9.0' ],
274 silly audit   'cross-spawn': [ '4.0.2' ],
274 silly audit   'css-select': [ '5.1.0' ],
274 silly audit   'css-what': [ '6.1.0' ],
274 silly audit   debug: [ '2.6.9', '3.2.7', '4.3.1', '4.4.0' ],
274 silly audit   'delayed-stream': [ '1.0.0' ],
274 silly audit   depd: [ '2.0.0' ],
274 silly audit   destroy: [ '1.2.0' ],
274 silly audit   dicer: [ '0.2.5' ],
274 silly audit   'dom-serializer': [ '2.0.0' ],
274 silly audit   domelementtype: [ '2.3.0' ],
274 silly audit   domhandler: [ '5.0.3' ],
274 silly audit   domutils: [ '3.2.2' ],
274 silly audit   dotenv: [ '16.4.7' ],
274 silly audit   'dunder-proto': [ '1.0.1' ],
274 silly audit   'ee-first': [ '1.1.1' ],
274 silly audit   encodeurl: [ '2.0.0', '1.0.2' ],
274 silly audit   'encoding-sniffer': [ '0.2.0' ],
274 silly audit   entities: [ '4.5.0' ],
274 silly audit   'es-define-property': [ '1.0.1' ],
274 silly audit   'es-errors': [ '1.3.0' ],
274 silly audit   'es-object-atoms': [ '1.1.1' ],
274 silly audit   'escape-html': [ '1.0.3' ],
274 silly audit   etag: [ '1.8.1' ],
274 silly audit   express: [ '4.21.2' ],
274 silly audit   finalhandler: [ '1.3.1' ],
274 silly audit   'follow-redirects': [ '1.15.9' ],
274 silly audit   'form-data': [ '4.0.1' ],
274 silly audit   forwarded: [ '0.2.0' ],
274 silly audit   fresh: [ '0.5.2' ],
274 silly audit   fs: [ '0.0.1-security' ],
274 silly audit   'function-bind': [ '1.1.2' ],
274 silly audit   'get-intrinsic': [ '1.2.7' ],
274 silly audit   'get-proto': [ '1.0.1' ],
274 silly audit   gm: [ '1.25.0' ],
274 silly audit   ms: [ '2.1.3', '2.0.0', '2.1.2' ],
274 silly audit   gopd: [ '1.2.0' ],
274 silly audit   'has-symbols': [ '1.1.0' ],
274 silly audit   hasown: [ '2.0.2' ],
274 silly audit   htmlparser2: [ '9.1.0' ],
274 silly audit   'http-errors': [ '2.0.0' ],
274 silly audit   inherits: [ '2.0.4' ],
274 silly audit   'ipaddr.js': [ '1.9.1' ],
274 silly audit   isexe: [ '2.0.0' ],
274 silly audit   lodash: [ '4.17.21' ],
274 silly audit   'long-timeout': [ '0.1.1' ],
274 silly audit   'lru-cache': [ '4.1.5' ],
274 silly audit   luxon: [ '3.5.0' ],
274 silly audit   'math-intrinsics': [ '1.1.0' ],
274 silly audit   'media-typer': [ '0.3.0' ],
274 silly audit   'merge-descriptors': [ '1.0.3' ],
274 silly audit   methods: [ '1.1.2' ],
274 silly audit   mime: [ '1.6.0' ],
274 silly audit   'mime-db': [ '1.52.0' ],
274 silly audit   'mime-types': [ '2.1.35' ],
274 silly audit   minimist: [ '1.2.8' ],
274 silly audit   mkdirp: [ '0.5.6' ],
274 silly audit   multer: [ '1.4.4' ],
274 silly audit   negotiator: [ '0.6.3' ],
274 silly audit   node: [ '16.20.2' ],
274 silly audit   'node-bin-setup': [ '1.1.3' ],
274 silly audit   'node-fetch': [ '2.7.0', '2.6.1' ],
274 silly audit   'node-schedule': [ '2.1.1' ],
274 silly audit   'nth-check': [ '2.1.1' ],
274 silly audit   'object-assign': [ '4.1.1' ],
274 silly audit   'object-inspect': [ '1.13.4' ],
274 silly audit   'on-finished': [ '2.4.1' ],
274 silly audit   parse5: [ '7.2.1' ],
274 silly audit   'parse5-htmlparser2-tree-adapter': [ '7.1.0' ],
274 silly audit   'parse5-parser-stream': [ '7.1.2' ],
274 silly audit   parseurl: [ '1.3.3' ],
274 silly audit   'path-to-regexp': [ '0.1.12' ],
274 silly audit   'process-nextick-args': [ '2.0.1' ],
274 silly audit   'proxy-addr': [ '2.0.7' ],
274 silly audit   'proxy-from-env': [ '1.1.0' ],
274 silly audit   pseudomap: [ '1.0.2' ],
274 silly audit   q: [ '1.5.1' ],
274 silly audit   'range-parser': [ '1.2.1' ],
274 silly audit   'raw-body': [ '2.5.2' ],
274 silly audit   'safer-buffer': [ '2.1.2' ],
274 silly audit   send: [ '0.19.0' ],
274 silly audit   'serve-static': [ '1.16.2' ],
274 silly audit   setprototypeof: [ '1.2.0' ],
274 silly audit   'side-channel': [ '1.1.0' ],
274 silly audit   'side-channel-list': [ '1.0.0' ],
274 silly audit   'side-channel-map': [ '1.0.1' ],
274 silly audit   'side-channel-weakmap': [ '1.0.2' ],
274 silly audit   'sorted-array-functions': [ '1.3.0' ],
274 silly audit   statuses: [ '2.0.1' ],
274 silly audit   streamsearch: [ '0.1.2' ],
274 silly audit   toidentifier: [ '1.0.1' ],
274 silly audit   tr46: [ '0.0.3' ],
274 silly audit   'type-is': [ '1.6.18' ],
274 silly audit   typedarray: [ '0.0.6' ],
274 silly audit   undici: [ '6.21.1' ],
274 silly audit   unpipe: [ '1.0.0' ],
274 silly audit   'util-deprecate': [ '1.0.2' ],
274 silly audit   'utils-merge': [ '1.0.1' ],
274 silly audit   uuid: [ '11.0.5' ],
274 silly audit   vary: [ '1.1.2' ],
274 silly audit   'webidl-conversions': [ '3.0.1' ],
274 silly audit   'whatwg-encoding': [ '3.1.1' ],
274 silly audit   'whatwg-mimetype': [ '4.0.0' ],
274 silly audit   'whatwg-url': [ '5.0.0' ],
274 silly audit   which: [ '1.3.1' ],
274 silly audit   xtend: [ '4.0.2' ],
274 silly audit   yallist: [ '2.1.2' ],
274 silly audit   puppeteer: [ '10.4.0' ],
274 silly audit   'devtools-protocol': [ '0.0.901419' ],
274 silly audit   'extract-zip': [ '2.0.1' ],
274 silly audit   'https-proxy-agent': [ '5.0.0' ],
274 silly audit   'pkg-dir': [ '4.2.0' ],
274 silly audit   progress: [ '2.0.1' ],
274 silly audit   rimraf: [ '3.0.2' ],
274 silly audit   'tar-fs': [ '2.0.0' ],
274 silly audit   'unbzip2-stream': [ '1.3.3' ],
274 silly audit   ws: [ '7.4.6' ],
274 silly audit   '@types/yauzl': [ '2.10.3' ],
274 silly audit   'get-stream': [ '5.2.0' ],
274 silly audit   yauzl: [ '2.10.0' ],
274 silly audit   '@types/node': [ '22.13.1' ],
274 silly audit   'undici-types': [ '6.20.0' ],
274 silly audit   pump: [ '3.0.2' ],
274 silly audit   'agent-base': [ '6.0.2' ],
274 silly audit   'find-up': [ '4.1.0' ],
274 silly audit   'locate-path': [ '5.0.0' ],
274 silly audit   'path-exists': [ '4.0.0' ],
274 silly audit   'p-locate': [ '4.1.0' ],
274 silly audit   'p-limit': [ '2.3.0' ],
274 silly audit   'p-try': [ '2.2.0' ],
274 silly audit   'end-of-stream': [ '1.4.4' ],
274 silly audit   once: [ '1.4.0' ],
274 silly audit   wrappy: [ '1.0.2' ],
274 silly audit   glob: [ '7.2.3' ],
274 silly audit   'fs.realpath': [ '1.0.0' ],
274 silly audit   inflight: [ '1.0.6' ],
274 silly audit   minimatch: [ '3.1.2' ],
274 silly audit   'path-is-absolute': [ '1.0.1' ],
274 silly audit   'brace-expansion': [ '1.1.11' ],
274 silly audit   'balanced-match': [ '1.0.2' ],
274 silly audit   'concat-map': [ '0.0.1' ],
274 silly audit   chownr: [ '1.1.4' ],
274 silly audit   'tar-stream': [ '2.2.0' ],
274 silly audit   bl: [ '4.1.0' ],
274 silly audit   'fs-constants': [ '1.0.0' ],
274 silly audit   buffer: [ '5.7.1' ],
274 silly audit   'base64-js': [ '1.5.1' ],
274 silly audit   ieee754: [ '1.2.1' ],
274 silly audit   through: [ '2.3.8' ],
274 silly audit   'buffer-crc32': [ '0.2.13' ],
274 silly audit   'fd-slicer': [ '1.1.0' ],
274 silly audit   pend: [ '1.2.0' ]
274 silly audit }
275 http fetch POST 200 https://registry.npmjs.org/-/npm/v1/security/advisories/bulk 201ms
276 timing auditReport:getReport Completed in 290ms
277 silly audit report {
277 silly audit report   'cross-spawn': [
277 silly audit report     {
277 silly audit report       id: 1100562,
277 silly audit report       url: 'https://github.com/advisories/GHSA-3xgq-45jj-v275',
277 silly audit report       title: 'Regular Expression Denial of Service (ReDoS) in cross-spawn',
277 silly audit report       severity: 'high',
277 silly audit report       vulnerable_versions: '<6.0.6',
277 silly audit report       cwe: [Array],
277 silly audit report       cvss: [Object]
277 silly audit report     }
277 silly audit report   ],
277 silly audit report   dicer: [
277 silly audit report     {
277 silly audit report       id: 1093150,
277 silly audit report       url: 'https://github.com/advisories/GHSA-wm7h-9275-46v2',
277 silly audit report       title: 'Crash in HeaderParser in dicer',
277 silly audit report       severity: 'high',
277 silly audit report       vulnerable_versions: '<=0.3.1',
277 silly audit report       cwe: [Array],
277 silly audit report       cvss: [Object]
277 silly audit report     }
277 silly audit report   ],
277 silly audit report   'node-fetch': [
277 silly audit report     {
277 silly audit report       id: 1095073,
277 silly audit report       url: 'https://github.com/advisories/GHSA-r683-j2x4-v87g',
277 silly audit report       title: 'node-fetch forwards secure headers to untrusted sites',
277 silly audit report       severity: 'high',
277 silly audit report       vulnerable_versions: '<2.6.7',
277 silly audit report       cwe: [Array],
277 silly audit report       cvss: [Object]
277 silly audit report     }
277 silly audit report   ],
277 silly audit report   ws: [
277 silly audit report     {
277 silly audit report       id: 1098393,
277 silly audit report       url: 'https://github.com/advisories/GHSA-3h5v-q93c-6h6q',
277 silly audit report       title: 'ws affected by a DoS when handling a request with many HTTP headers',
277 silly audit report       severity: 'high',
277 silly audit report       vulnerable_versions: '>=7.0.0 <7.5.10',
277 silly audit report       cwe: [Array],
277 silly audit report       cvss: [Object]
277 silly audit report     }
277 silly audit report   ]
277 silly audit report }
278 timing metavuln:packument:node-fetch Completed in 1ms
279 timing metavuln:packument:ws Completed in 1ms
280 timing reifyNode:node_modules/buffer-crc32 Completed in 1199ms
281 timing reifyNode:node_modules/chownr Completed in 1198ms
282 timing metavuln:cache:get:security-advisory:cross-spawn:JmQ0s1QkTomeZmpl3HgCWl50E+s8THUPco+cAcX6Y9FOpPWpUMBGujHtGjWMt3DujazGuScrBCOD+K6MTHLvNg== Completed in 1002ms
283 timing metavuln:cache:get:security-advisory:dicer:okKobrdlSkitrtk29zlIO+L1wIWcNLZYlBw7m9PQsKM/jf4TWhcwiPumpK0MJnivDpxle2HN0b+DxXajmyqHLQ== Completed in 1000ms
284 timing metavuln:cache:get:security-advisory:node-fetch:Wb+t4nAQ2QbaIBANpGyR0NxscSBZkieQWww78xJqkUCEc1IjJximva83HGHVo/GYYeWrc8xY5cA+dCV5VX2QDA== Completed in 999ms
285 timing metavuln:load:security-advisory:node-fetch:1095073 Completed in 2ms
286 timing metavuln:calculate:security-advisory:node-fetch:1095073 Completed in 1001ms
287 timing reifyNode:node_modules/brace-expansion Completed in 1201ms
288 timing reifyNode:node_modules/path-is-absolute Completed in 1201ms
289 warn deprecated inflight@1.0.6: This module is not supported, and leaks memory. Do not use it. Check out lru-cache if you want a good and tested way to coalesce async requests by a key value, which is much more comprehensive and powerful.
290 timing reifyNode:node_modules/inflight Completed in 1200ms
291 timing reifyNode:node_modules/wrappy Completed in 1201ms
292 timing reifyNode:node_modules/once Completed in 1201ms
293 timing reifyNode:node_modules/end-of-stream Completed in 1201ms
294 timing metavuln:cache:get:security-advisory:ws:N8g2qAUvG7gJk0uIxvf7eawnYiVM58YMaKRZl7X9WWy+42qPe0Hts/0lWzP3xVay7NIbSsW6+HWbKdYCtuWhlw== Completed in 1002ms
295 timing metavuln:load:security-advisory:ws:1098393 Completed in 1ms
296 timing metavuln:calculate:security-advisory:ws:1098393 Completed in 1003ms
297 timing reifyNode:node_modules/agent-base/node_modules/ms Completed in 1201ms
298 timing reifyNode:node_modules/@types/yauzl Completed in 1202ms
299 timing reifyNode:node_modules/https-proxy-agent/node_modules/ms Completed in 1201ms
300 timing reifyNode:node_modules/extract-zip/node_modules/ms Completed in 1202ms
301 timing reifyNode:node_modules/puppeteer/node_modules/ms Completed in 1202ms
302 timing reifyNode:node_modules/pend Completed in 1208ms
303 timing reifyNode:node_modules/ieee754 Completed in 1207ms
304 timing reifyNode:node_modules/fs-constants Completed in 1206ms
305 timing reifyNode:node_modules/p-try Completed in 1205ms
306 timing reifyNode:node_modules/p-limit Completed in 1205ms
307 timing reifyNode:node_modules/p-locate Completed in 1205ms
308 timing reifyNode:node_modules/path-exists Completed in 1205ms
309 timing reifyNode:node_modules/locate-path Completed in 1205ms
310 timing reifyNode:node_modules/find-up Completed in 1205ms
311 timing reifyNode:node_modules/pkg-dir Completed in 1204ms
312 timing reifyNode:node_modules/base64-js Completed in 1210ms
313 timing reifyNode:node_modules/bl/node_modules/string_decoder Completed in 1209ms
314 timing reifyNode:node_modules/tar-stream/node_modules/string_decoder Completed in 1208ms
315 timing reifyNode:node_modules/balanced-match Completed in 1208ms
316 timing reifyNode:node_modules/fs.realpath Completed in 1207ms
317 timing reifyNode:node_modules/extract-zip Completed in 1206ms
318 timing reifyNode:node_modules/minimatch Completed in 1210ms
319 timing reifyNode:node_modules/get-stream Completed in 1208ms
320 timing reifyNode:node_modules/yauzl Completed in 1291ms
321 warn deprecated rimraf@3.0.2: Rimraf versions prior to v4 are no longer supported
322 timing reifyNode:node_modules/rimraf Completed in 1291ms
323 timing reifyNode:node_modules/concat-map Completed in 1295ms
324 timing reifyNode:node_modules/agent-base/node_modules/debug Completed in 1293ms
325 timing reifyNode:node_modules/progress Completed in 1292ms
326 timing reifyNode:node_modules/extract-zip/node_modules/debug Completed in 1293ms
327 timing reifyNode:node_modules/puppeteer/node_modules/debug Completed in 1292ms
328 timing reifyNode:node_modules/https-proxy-agent/node_modules/debug Completed in 1293ms
329 timing reifyNode:node_modules/pump Completed in 1295ms
330 timing reifyNode:node_modules/tar-stream Completed in 1298ms
331 warn deprecated glob@7.2.3: Glob versions prior to v9 are no longer supported
332 timing reifyNode:node_modules/glob Completed in 1298ms
333 timing reifyNode:node_modules/fd-slicer Completed in 1305ms
334 timing reifyNode:node_modules/buffer Completed in 1309ms
335 timing reifyNode:node_modules/through Completed in 1397ms
336 timing reifyNode:node_modules/https-proxy-agent Completed in 1394ms
337 timing reifyNode:node_modules/bl Completed in 1398ms
338 timing reifyNode:node_modules/agent-base Completed in 1396ms
339 timing reifyNode:node_modules/unbzip2-stream Completed in 1397ms
340 timing reifyNode:node_modules/puppeteer/node_modules/node-fetch Completed in 1398ms
341 timing reifyNode:node_modules/ws Completed in 1403ms
342 timing reifyNode:node_modules/bl/node_modules/readable-stream Completed in 1409ms
343 timing reifyNode:node_modules/tar-stream/node_modules/readable-stream Completed in 1408ms
344 timing reifyNode:node_modules/undici-types Completed in 1408ms
345 timing reifyNode:node_modules/tar-fs Completed in 1498ms
346 http fetch GET 200 https://registry.npmjs.org/dicer 1302ms (cache updated)
347 timing metavuln:packument:dicer Completed in 1303ms
348 timing metavuln:load:security-advisory:dicer:1093150 Completed in 0ms
349 timing metavuln:calculate:security-advisory:dicer:1093150 Completed in 1303ms
350 http fetch GET 200 https://registry.npmjs.org/cross-spawn 1306ms (cache updated)
351 timing metavuln:packument:cross-spawn Completed in 1307ms
352 timing metavuln:load:security-advisory:cross-spawn:1100562 Completed in 1ms
353 timing metavuln:calculate:security-advisory:cross-spawn:1100562 Completed in 1309ms
354 timing metavuln:cache:get:security-advisory:gm:ZxzforqtO++agwprRxmXr8SGTHvzWeTITOLgGdbejqq9BH1SCXw4GF0B7AALLLTOouuesWeK22nv+wvinCqeTg== Completed in 3ms
355 http fetch GET 200 https://registry.npmjs.org/gm 402ms (cache updated)
356 timing metavuln:packument:gm Completed in 403ms
357 timing metavuln:load:security-advisory:gm:JmQ0s1QkTomeZmpl3HgCWl50E+s8THUPco+cAcX6Y9FOpPWpUMBGujHtGjWMt3DujazGuScrBCOD+K6MTHLvNg== Completed in 0ms
358 timing metavuln:calculate:security-advisory:gm:JmQ0s1QkTomeZmpl3HgCWl50E+s8THUPco+cAcX6Y9FOpPWpUMBGujHtGjWMt3DujazGuScrBCOD+K6MTHLvNg== Completed in 403ms
359 timing metavuln:cache:get:security-advisory:busboy:hLagQYjENjqkA4bmim08b9dr4AmEqQV1YPZoF6tIRyGx9xtqHep73cO/ZbJUrJ6eynTiwUXwT2ye9nj5yM89nA== Completed in 88ms
360 http fetch GET 200 https://registry.npmjs.org/busboy 194ms (cache updated)
361 timing metavuln:packument:busboy Completed in 194ms
362 timing metavuln:load:security-advisory:busboy:okKobrdlSkitrtk29zlIO+L1wIWcNLZYlBw7m9PQsKM/jf4TWhcwiPumpK0MJnivDpxle2HN0b+DxXajmyqHLQ== Completed in 6ms
363 timing metavuln:calculate:security-advisory:busboy:okKobrdlSkitrtk29zlIO+L1wIWcNLZYlBw7m9PQsKM/jf4TWhcwiPumpK0MJnivDpxle2HN0b+DxXajmyqHLQ== Completed in 201ms
364 timing metavuln:packument:puppeteer Completed in 0ms
365 timing metavuln:cache:get:security-advisory:puppeteer:lRxXtu5ulGu4y+3t9sA/Vu8h3S7ZMjlN2F3fTgfjrUJiGzNGe2jfqLaWy2ypuxMtkI01xRJ2eecx+p4V0cTJLQ== Completed in 94ms
366 timing metavuln:load:security-advisory:puppeteer:Wb+t4nAQ2QbaIBANpGyR0NxscSBZkieQWww78xJqkUCEc1IjJximva83HGHVo/GYYeWrc8xY5cA+dCV5VX2QDA== Completed in 12ms
367 timing metavuln:calculate:security-advisory:puppeteer:Wb+t4nAQ2QbaIBANpGyR0NxscSBZkieQWww78xJqkUCEc1IjJximva83HGHVo/GYYeWrc8xY5cA+dCV5VX2QDA== Completed in 106ms
368 timing metavuln:cache:get:security-advisory:puppeteer:rZPJjl4VPrp9b7kYAhe3b57TMg64FC6M3iKWrYaUAN0E2OMXEh+aosJMIUnQ39w+BQO8voZQrcJwNJmgxPypPA== Completed in 88ms
369 timing metavuln:load:security-advisory:puppeteer:N8g2qAUvG7gJk0uIxvf7eawnYiVM58YMaKRZl7X9WWy+42qPe0Hts/0lWzP3xVay7NIbSsW6+HWbKdYCtuWhlw== Completed in 16ms
370 timing metavuln:calculate:security-advisory:puppeteer:N8g2qAUvG7gJk0uIxvf7eawnYiVM58YMaKRZl7X9WWy+42qPe0Hts/0lWzP3xVay7NIbSsW6+HWbKdYCtuWhlw== Completed in 104ms
371 timing metavuln:cache:get:security-advisory:multer:4SgK6YroVsv/bIagpYoqhE66NJsaOBbViPaJMAif1ZvVidvcLLUfSIRb3E4C6lEvbhj++/yfCuJuBWLSwXHfjg== Completed in 79ms
372 timing reifyNode:node_modules/@types/node Completed in 2492ms
373 timing reifyNode:node_modules/devtools-protocol Completed in 2498ms
374 http fetch GET 200 https://registry.npmjs.org/multer 277ms (cache updated)
375 timing metavuln:packument:multer Completed in 279ms
376 timing metavuln:load:security-advisory:multer:hLagQYjENjqkA4bmim08b9dr4AmEqQV1YPZoF6tIRyGx9xtqHep73cO/ZbJUrJ6eynTiwUXwT2ye9nj5yM89nA== Completed in 0ms
377 timing metavuln:calculate:security-advisory:multer:hLagQYjENjqkA4bmim08b9dr4AmEqQV1YPZoF6tIRyGx9xtqHep73cO/ZbJUrJ6eynTiwUXwT2ye9nj5yM89nA== Completed in 279ms
378 timing auditReport:init Completed in 2600ms
379 timing reify:audit Completed in 2891ms
380 warn deprecated puppeteer@10.4.0: < 22.8.2 is no longer supported
381 timing reifyNode:node_modules/puppeteer Completed in 3118ms
382 timing reify:unpack Completed in 3124ms
383 timing reify:unretire Completed in 0ms
384 timing build:queue Completed in 2ms
385 timing build:link:node_modules/extract-zip Completed in 71ms
386 timing build:link:node_modules/rimraf Completed in 2ms
387 timing build:link Completed in 71ms
388 info run puppeteer@10.4.0 install node_modules/puppeteer node install.js
389 info run puppeteer@10.4.0 install { code: 1, signal: null }
390 timing reify:rollback:createSparse Completed in 552ms
391 timing reify:rollback:retireShallow Completed in 6ms
392 timing command:install Completed in 12170ms
393 verbose stack Error: command failed
393 verbose stack     at ChildProcess.<anonymous> (/opt/nvm/versions/node/v16.14.2/lib/node_modules/npm/node_modules/@npmcli/promise-spawn/index.js:64:27)
393 verbose stack     at ChildProcess.emit (node:events:513:28)
393 verbose stack     at maybeClose (node:internal/child_process:1100:16)
393 verbose stack     at Process.ChildProcess._handle.onexit (node:internal/child_process:304:5)
394 verbose pkgid puppeteer@10.4.0
395 verbose cwd /app
396 verbose Linux 4.4.0-1128-aws
397 verbose argv "/app/node_modules/node/bin/node" "/opt/nvm/versions/node/v16/bin/npm" "install"
398 verbose node v16.20.2
399 verbose npm  v7.20.6
400 error code 1
401 error path /app/node_modules/puppeteer
402 error command failed
403 error command sh -c node install.js
404 error ERROR: Failed to set up Chromium r901912! Set "PUPPETEER_SKIP_DOWNLOAD" env variable to skip download.
404 error [Error: ENOSPC: no space left on device, write] {
404 error   errno: -28,
404 error   code: 'ENOSPC',
404 error   syscall: 'write'
404 error }
405 verbose exit 1
